# JRE version: OpenJDK Runtime Environment (11.0.6+10) (build 11.0.6+10-post-Ubuntu-1ubuntu118.04.1)
# Java VM: OpenJDK 64-Bit Server VM (11.0.6+10-post-Ubuntu-1ubuntu118.04.1, mixed mode, sharing, tiered, compressed oops, g1 gc, linux-amd64)
Heap:
 garbage-first heap   total 868352K, used 170106K [0x0000000097400000, 0x0000000100000000)
  region size 1024K, 10 young (10240K), 10 survivors (10240K)
 Metaspace       used 68914K, capacity 70689K, committed 71448K, reserved 1112064K
  class space    used 8950K, capacity 9626K, committed 9856K, reserved 1048576K
GC Heap History (20 events):
Event: 4086,166 GC heap after
{Heap after GC invocations=48 (full 0):
 garbage-first heap   total 133120K, used 98827K [0x0000000097400000, 0x0000000100000000)
  region size 1024K, 3 young (3072K), 3 survivors (3072K)
 Metaspace       used 68364K, capacity 70169K, committed 70936K, reserved 1110016K
  class space    used 8950K, capacity 9626K, committed 9856K, reserved 1048576K
}
Event: 4086,238 GC heap before
{Heap before GC invocations=48 (full 0):
 garbage-first heap   total 133120K, used 109067K [0x0000000097400000, 0x0000000100000000)
  region size 1024K, 14 young (14336K), 3 survivors (3072K)
 Metaspace       used 68364K, capacity 70169K, committed 70936K, reserved 1110016K
  class space    used 8950K, capacity 9626K, committed 9856K, reserved 1048576K
}
Event: 4086,271 GC heap after
{Heap after GC invocations=49 (full 0):
 garbage-first heap   total 133120K, used 101212K [0x0000000097400000, 0x0000000100000000)
  region size 1024K, 2 young (2048K), 2 survivors (2048K)
 Metaspace       used 68364K, capacity 70169K, committed 70936K, reserved 1110016K
  class space    used 8950K, capacity 9626K, committed 9856K, reserved 1048576K
}
Event: 4086,342 GC heap before
{Heap before GC invocations=49 (full 0):
 garbage-first heap   total 133120K, used 109404K [0x0000000097400000, 0x0000000100000000)
  region size 1024K, 11 young (11264K), 2 survivors (2048K)
 Metaspace       used 68365K, capacity 70169K, committed 70936K, reserved 1110016K
  class space    used 8950K, capacity 9626K, committed 9856K, reserved 1048576K
}
Event: 4086,356 GC heap after
{Heap after GC invocations=50 (full 0):
 garbage-first heap   total 203776K, used 103968K [0x0000000097400000, 0x0000000100000000)
  region size 1024K, 2 young (2048K), 2 survivors (2048K)
 Metaspace       used 68365K, capacity 70169K, committed 70936K, reserved 1110016K
  class space    used 8950K, capacity 9626K, committed 9856K, reserved 1048576K
}
Event: 4088,331 GC heap before
{Heap before GC invocations=50 (full 0):
 garbage-first heap   total 203776K, used 146976K [0x0000000097400000, 0x0000000100000000)
  region size 1024K, 45 young (46080K), 2 survivors (2048K)
 Metaspace       used 68481K, capacity 70298K, committed 71192K, reserved 1110016K
  class space    used 8950K, capacity 9626K, committed 9856K, reserved 1048576K
}
Event: 4088,359 GC heap after
{Heap after GC invocations=51 (full 0):
 garbage-first heap   total 203776K, used 111420K [0x0000000097400000, 0x0000000100000000)
  region size 1024K, 6 young (6144K), 6 survivors (6144K)
 Metaspace       used 68481K, capacity 70298K, committed 71192K, reserved 1110016K
  class space    used 8950K, capacity 9626K, committed 9856K, reserved 1048576K
}
Event: 4088,609 GC heap before
{Heap before GC invocations=51 (full 0):
 garbage-first heap   total 203776K, used 152380K [0x0000000097400000, 0x0000000100000000)
  region size 1024K, 47 young (48128K), 6 survivors (6144K)
 Metaspace       used 68512K, capacity 70298K, committed 71192K, reserved 1110016K
  class space    used 8950K, capacity 9626K, committed 9856K, reserved 1048576K
}
Event: 4088,628 GC heap after
{Heap after GC invocations=52 (full 0):
 garbage-first heap   total 203776K, used 120471K [0x0000000097400000, 0x0000000100000000)
  region size 1024K, 6 young (6144K), 6 survivors (6144K)
 Metaspace       used 68512K, capacity 70298K, committed 71192K, reserved 1110016K
  class space    used 8950K, capacity 9626K, committed 9856K, reserved 1048576K
}
Event: 4088,942 GC heap before
{Heap before GC invocations=53 (full 0):
 garbage-first heap   total 203776K, used 156311K [0x0000000097400000, 0x0000000100000000)
  region size 1024K, 42 young (43008K), 6 survivors (6144K)
 Metaspace       used 68521K, capacity 70298K, committed 71192K, reserved 1110016K
  class space    used 8950K, capacity 9626K, committed 9856K, reserved 1048576K
}
Event: 4088,960 GC heap after
{Heap after GC invocations=54 (full 0):
 garbage-first heap   total 203776K, used 128701K [0x0000000097400000, 0x0000000100000000)
  region size 1024K, 6 young (6144K), 6 survivors (6144K)
 Metaspace       used 68521K, capacity 70298K, committed 71192K, reserved 1110016K
  class space    used 8950K, capacity 9626K, committed 9856K, reserved 1048576K
}
Event: 4088,974 GC heap before
{Heap before GC invocations=54 (full 0):
 garbage-first heap   total 203776K, used 131773K [0x0000000097400000, 0x0000000100000000)
  region size 1024K, 9 young (9216K), 6 survivors (6144K)
 Metaspace       used 68521K, capacity 70298K, committed 71192K, reserved 1110016K
  class space    used 8950K, capacity 9626K, committed 9856K, reserved 1048576K
}
Event: 4089,000 GC heap after
{Heap after GC invocations=55 (full 0):
 garbage-first heap   total 321536K, used 124583K [0x0000000097400000, 0x0000000100000000)
  region size 1024K, 2 young (2048K), 2 survivors (2048K)
 Metaspace       used 68521K, capacity 70298K, committed 71192K, reserved 1110016K
  class space    used 8950K, capacity 9626K, committed 9856K, reserved 1048576K
}
Event: 4090,182 GC heap before
{Heap before GC invocations=55 (full 0):
 garbage-first heap   total 321536K, used 203431K [0x0000000097400000, 0x0000000100000000)
  region size 1024K, 80 young (81920K), 2 survivors (2048K)
 Metaspace       used 68556K, capacity 70362K, committed 71192K, reserved 1110016K
  class space    used 8950K, capacity 9626K, committed 9856K, reserved 1048576K
}
Event: 4090,206 GC heap after
{Heap after GC invocations=56 (full 0):
 garbage-first heap   total 321536K, used 140996K [0x0000000097400000, 0x0000000100000000)
  region size 1024K, 10 young (10240K), 10 survivors (10240K)
 Metaspace       used 68556K, capacity 70362K, committed 71192K, reserved 1110016K
  class space    used 8950K, capacity 9626K, committed 9856K, reserved 1048576K
}
Event: 4090,678 GC heap before
{Heap before GC invocations=56 (full 0):
 garbage-first heap   total 321536K, used 217796K [0x0000000097400000, 0x0000000100000000)
  region size 1024K, 86 young (88064K), 10 survivors (10240K)
 Metaspace       used 68567K, capacity 70362K, committed 71192K, reserved 1110016K
  class space    used 8950K, capacity 9626K, committed 9856K, reserved 1048576K
}
Event: 4091,206 GC heap after
{Heap after GC invocations=57 (full 0):
 garbage-first heap   total 321536K, used 158404K [0x0000000097400000, 0x0000000100000000)
  region size 1024K, 11 young (11264K), 11 survivors (11264K)
 Metaspace       used 68567K, capacity 70362K, committed 71192K, reserved 1110016K
  class space    used 8950K, capacity 9626K, committed 9856K, reserved 1048576K
}
Event: 4092,765 GC heap before
{Heap before GC invocations=57 (full 0):
 garbage-first heap   total 321536K, used 201412K [0x0000000097400000, 0x0000000100000000)
  region size 1024K, 54 young (55296K), 11 survivors (11264K)
 Metaspace       used 68713K, capacity 70490K, committed 71192K, reserved 1110016K
  class space    used 8950K, capacity 9626K, committed 9856K, reserved 1048576K
}
Event: 4092,789 GC heap after
{Heap after GC invocations=58 (full 0):
 garbage-first heap   total 321536K, used 163012K [0x0000000097400000, 0x0000000100000000)
  region size 1024K, 7 young (7168K), 7 survivors (7168K)
 Metaspace       used 68713K, capacity 70490K, committed 71192K, reserved 1110016K
  class space    used 8950K, capacity 9626K, committed 9856K, reserved 1048576K
}
Event: 4096,374 GC heap before
{Heap before GC invocations=58 (full 0):
 garbage-first heap   total 321536K, used 232644K [0x0000000097400000, 0x0000000100000000)
  region size 1024K, 76 young (77824K), 7 survivors (7168K)
 Metaspace       used 68914K, capacity 70689K, committed 71448K, reserved 1112064K
  class space    used 8950K, capacity 9626K, committed 9856K, reserved 1048576K
}

